19:52:46 **** Build of configuration Debug for project Toggle_LED ****
make -j16 all 
arm-none-eabi-gcc -mcpu=cortex-m3 -g3 -c -x assembler-with-cpp -MMD -MP -MF"Startup/startup_stm32f103c6tx.d" -MT"Startup/startup_stm32f103c6tx.o" --specs=nano.specs -mfloat-abi=soft -mthumb -o "Startup/startup_stm32f103c6tx.o" "../Startup/startup_stm32f103c6tx.s"
arm-none-eabi-gcc "../Src/main.c" -mcpu=cortex-m3 -std=gnu11 -g3 -DSTM32 -DSTM32F1 -DSTM32F103C6Tx -DDEBUG -c -I../Inc -O0 -ffunction-sections -fdata-sections -Wall -fstack-usage -MMD -MP -MF"Src/main.d" -MT"Src/main.o" --specs=nano.specs -mfloat-abi=soft -mthumb -o "Src/main.o"
arm-none-eabi-gcc "../Src/syscalls.c" -mcpu=cortex-m3 -std=gnu11 -g3 -DSTM32 -DSTM32F1 -DSTM32F103C6Tx -DDEBUG -c -I../Inc -O0 -ffunction-sections -fdata-sections -Wall -fstack-usage -MMD -MP -MF"Src/syscalls.d" -MT"Src/syscalls.o" --specs=nano.specs -mfloat-abi=soft -mthumb -o "Src/syscalls.o"
arm-none-eabi-gcc "../Src/sysmem.c" -mcpu=cortex-m3 -std=gnu11 -g3 -DSTM32 -DSTM32F1 -DSTM32F103C6Tx -DDEBUG -c -I../Inc -O0 -ffunction-sections -fdata-sections -Wall -fstack-usage -MMD -MP -MF"Src/sysmem.d" -MT"Src/sysmem.o" --specs=nano.specs -mfloat-abi=soft -mthumb -o "Src/sysmem.o"
arm-none-eabi-gcc -o "Toggle_LED.elf" @"objects.list"   -mcpu=cortex-m3 -T"D:\Embedded Progress\1st term\Unit 3\Lesson 1\Toggle_LED(STM32 CUBE)\Toggle_LED\STM32F103C6TX_FLASH.ld" --specs=nosys.specs -Wl,-Map="Toggle_LED.map" -Wl,--gc-sections -static --specs=nano.specs -mfloat-abi=soft -mthumb -Wl,--start-group -lc -lm -Wl,--end-group
Finished building target: Toggle_LED.elf
 
arm-none-eabi-size   Toggle_LED.elf 
arm-none-eabi-objdump -h -S  Toggle_LED.elf  > "Toggle_LED.list"
arm-none-eabi-objcopy  -O binary  Toggle_LED.elf  "Toggle_LED.bin"
   text	   data	    bss	    dec	    hex	filename
    652	     12	   1564	   2228	    8b4	Toggle_LED.elf
Finished building: default.size.stdout
 
Finished building: Toggle_LED.bin
Finished building: Toggle_LED.list
 
 
20:03:08 **** Incremental Build of configuration Debug for project Toggle_LED ****
make -j16 all 
arm-none-eabi-size   Toggle_LED.elf 
arm-none-eabi-objcopy  -O ihex  Toggle_LED.elf  "Toggle_LED.hex"
   text	   data	    bss	    dec	    hex	filename
    652	     12	   1564	   2228	    8b4	Toggle_LED.elf
Finished building: default.size.stdout
 
Finished building: Toggle_LED.hex
 
20:25:52 **** Incremental Build of configuration Debug for project Toggle_LED ****
make -j16 all 
arm-none-eabi-gcc "../Src/main.c" -mcpu=cortex-m3 -std=gnu11 -g3 -DSTM32 -DSTM32F1 -DSTM32F103C6Tx -DDEBUG -c -I../Inc -O0 -ffunction-sections -fdata-sections -Wall -fstack-usage -MMD -MP -MF"Src/main.d" -MT"Src/main.o" --specs=nano.specs -mfloat-abi=soft -mthumb -o "Src/main.o"
arm-none-eabi-gcc -o "Toggle_LED.elf" @"objects.list"   -mcpu=cortex-m3 -T"D:\Embedded Progress\1st term\Unit 3\Lesson 1\Toggle_LED(STM32 CUBE)\Toggle_LED\STM32F103C6TX_FLASH.ld" --specs=nosys.specs -Wl,-Map="Toggle_LED.map" -Wl,--gc-sections -static --specs=nano.specs -mfloat-abi=soft -mthumb -Wl,--start-group -lc -lm -Wl,--end-group
Finished building target: Toggle_LED.elf
 
arm-none-eabi-objdump -h -S  Toggle_LED.elf  > "Toggle_LED.list"
arm-none-eabi-objcopy  -O ihex  Toggle_LED.elf  "Toggle_LED.hex"
arm-none-eabi-objcopy  -O binary  Toggle_LED.elf  "Toggle_LED.bin"
arm-none-eabi-size   Toggle_LED.elf 
   text	   data	    bss	    dec	    hex	filename
    672	     12	   1564	   2248	    8c8	Toggle_LED.elf
Finished building: default.size.stdout
Finished building: Toggle_LED.hex
Finished building: Toggle_LED.bin
Finished building: Toggle_LED.list
 
 
 
 
